<?xml version="1.0" encoding="UTF-8"?>
<testng-results ignored="0" total="2" passed="2" failed="0" skipped="0">
  <reporter-output>
  </reporter-output>
  <suite started-at="2024-12-27T10:51:04 PST" name="MasterSuite" finished-at="2024-12-27T10:51:21 PST" duration-ms="17267">
    <groups>
    </groups>
    <test started-at="2024-12-27T10:51:04 PST" name="Test" finished-at="2024-12-27T10:51:21 PST" duration-ms="17267">
      <class name="testCases.TC002_LoginTest">
        <test-method is-config="true" signature="setup(java.lang.String,java.lang.String)[pri:0, instance:testCases.TC002_LoginTest@58ce9668]" started-at="2024-12-27T10:51:14 PST" name="setup" finished-at="2024-12-27T10:51:18 PST" duration-ms="4771" status="PASS">
          <params>
            <param index="0">
              <value>
                <![CDATA[Windows]]>
              </value>
            </param>
            <param index="1">
              <value>
                <![CDATA[chrome]]>
              </value>
            </param>
          </params>
          <reporter-output>
          </reporter-output>
        </test-method> <!-- setup -->
        <test-method signature="verify_Login()[pri:0, instance:testCases.TC002_LoginTest@58ce9668]" started-at="2024-12-27T10:51:18 PST" name="verify_Login" finished-at="2024-12-27T10:51:21 PST" duration-ms="2413" status="PASS">
          <reporter-output>
          </reporter-output>
        </test-method> <!-- verify_Login -->
        <test-method is-config="true" signature="tearDown()[pri:0, instance:testCases.TC002_LoginTest@58ce9668]" started-at="2024-12-27T10:51:21 PST" name="tearDown" finished-at="2024-12-27T10:51:21 PST" duration-ms="472" status="PASS">
          <reporter-output>
          </reporter-output>
        </test-method> <!-- tearDown -->
      </class> <!-- testCases.TC002_LoginTest -->
      <class name="testCases.TC001_AccountRegistrationTest">
        <test-method is-config="true" signature="setup(java.lang.String,java.lang.String)[pri:0, instance:testCases.TC001_AccountRegistrationTest@5be46f9d]" started-at="2024-12-27T10:51:04 PST" name="setup" finished-at="2024-12-27T10:51:10 PST" duration-ms="5667" status="PASS">
          <params>
            <param index="0">
              <value>
                <![CDATA[Windows]]>
              </value>
            </param>
            <param index="1">
              <value>
                <![CDATA[chrome]]>
              </value>
            </param>
          </params>
          <reporter-output>
          </reporter-output>
        </test-method> <!-- setup -->
        <test-method signature="verify_account_registration()[pri:0, instance:testCases.TC001_AccountRegistrationTest@5be46f9d]" started-at="2024-12-27T10:51:10 PST" name="verify_account_registration" finished-at="2024-12-27T10:51:13 PST" duration-ms="3319" status="PASS">
          <reporter-output>
          </reporter-output>
        </test-method> <!-- verify_account_registration -->
        <test-method is-config="true" signature="tearDown()[pri:0, instance:testCases.TC001_AccountRegistrationTest@5be46f9d]" started-at="2024-12-27T10:51:13 PST" name="tearDown" finished-at="2024-12-27T10:51:14 PST" duration-ms="562" status="PASS">
          <reporter-output>
          </reporter-output>
        </test-method> <!-- tearDown -->
      </class> <!-- testCases.TC001_AccountRegistrationTest -->
    </test> <!-- Test -->
  </suite> <!-- MasterSuite -->
</testng-results>
