<?xml version="1.0" encoding="UTF-8"?>
<testng-results ignored="0" total="2" passed="2" failed="0" skipped="0">
  <reporter-output>
  </reporter-output>
  <suite started-at="2024-12-24T10:42:07 PST" name="MasterSuite" finished-at="2024-12-24T10:42:23 PST" duration-ms="16637">
    <groups>
    </groups>
    <test started-at="2024-12-24T10:42:07 PST" name="Test" finished-at="2024-12-24T10:42:23 PST" duration-ms="16637">
      <class name="testCases.TC002_LoginTest">
        <test-method is-config="true" signature="setup(java.lang.String,java.lang.String)[pri:0, instance:testCases.TC002_LoginTest@58ce9668]" started-at="2024-12-24T10:42:16 PST" name="setup" finished-at="2024-12-24T10:42:21 PST" duration-ms="4646" status="PASS">
          <params>
            <param index="0">
              <value>
                <![CDATA[Windows]]>
              </value>
            </param>
            <param index="1">
              <value>
                <![CDATA[chrome]]>
              </value>
            </param>
          </params>
          <reporter-output>
          </reporter-output>
        </test-method> <!-- setup -->
        <test-method signature="verify_Login()[pri:0, instance:testCases.TC002_LoginTest@58ce9668]" started-at="2024-12-24T10:42:21 PST" name="verify_Login" finished-at="2024-12-24T10:42:23 PST" duration-ms="2049" status="PASS">
          <reporter-output>
          </reporter-output>
        </test-method> <!-- verify_Login -->
        <test-method is-config="true" signature="tearDown()[pri:0, instance:testCases.TC002_LoginTest@58ce9668]" started-at="2024-12-24T10:42:23 PST" name="tearDown" finished-at="2024-12-24T10:42:23 PST" duration-ms="611" status="PASS">
          <reporter-output>
          </reporter-output>
        </test-method> <!-- tearDown -->
      </class> <!-- testCases.TC002_LoginTest -->
      <class name="testCases.TC001_AccountRegistrationTest">
        <test-method is-config="true" signature="setup(java.lang.String,java.lang.String)[pri:0, instance:testCases.TC001_AccountRegistrationTest@5be46f9d]" started-at="2024-12-24T10:42:07 PST" name="setup" finished-at="2024-12-24T10:42:12 PST" duration-ms="5406" status="PASS">
          <params>
            <param index="0">
              <value>
                <![CDATA[Windows]]>
              </value>
            </param>
            <param index="1">
              <value>
                <![CDATA[chrome]]>
              </value>
            </param>
          </params>
          <reporter-output>
          </reporter-output>
        </test-method> <!-- setup -->
        <test-method signature="verify_account_registration()[pri:0, instance:testCases.TC001_AccountRegistrationTest@5be46f9d]" started-at="2024-12-24T10:42:12 PST" name="verify_account_registration" finished-at="2024-12-24T10:42:15 PST" duration-ms="3284" status="PASS">
          <reporter-output>
          </reporter-output>
        </test-method> <!-- verify_account_registration -->
        <test-method is-config="true" signature="tearDown()[pri:0, instance:testCases.TC001_AccountRegistrationTest@5be46f9d]" started-at="2024-12-24T10:42:15 PST" name="tearDown" finished-at="2024-12-24T10:42:16 PST" duration-ms="579" status="PASS">
          <reporter-output>
          </reporter-output>
        </test-method> <!-- tearDown -->
      </class> <!-- testCases.TC001_AccountRegistrationTest -->
    </test> <!-- Test -->
  </suite> <!-- MasterSuite -->
</testng-results>
