<?xml version="1.0" encoding="UTF-8"?>
<testng-results ignored="0" total="2" passed="2" failed="0" skipped="0">
  <reporter-output>
  </reporter-output>
  <suite started-at="2024-12-26T13:26:40 PST" name="MasterSuite" finished-at="2024-12-26T13:26:58 PST" duration-ms="17701">
    <groups>
    </groups>
    <test started-at="2024-12-26T13:26:40 PST" name="Test" finished-at="2024-12-26T13:26:58 PST" duration-ms="17701">
      <class name="testCases.TC002_LoginTest">
        <test-method is-config="true" signature="setup(java.lang.String,java.lang.String)[pri:0, instance:testCases.TC002_LoginTest@183e8023]" started-at="2024-12-26T13:26:50 PST" name="setup" finished-at="2024-12-26T13:26:55 PST" duration-ms="4521" status="PASS">
          <params>
            <param index="0">
              <value>
                <![CDATA[Windows]]>
              </value>
            </param>
            <param index="1">
              <value>
                <![CDATA[chrome]]>
              </value>
            </param>
          </params>
          <reporter-output>
          </reporter-output>
        </test-method> <!-- setup -->
        <test-method signature="verify_Login()[pri:0, instance:testCases.TC002_LoginTest@183e8023]" started-at="2024-12-26T13:26:55 PST" name="verify_Login" finished-at="2024-12-26T13:26:57 PST" duration-ms="2180" status="PASS">
          <reporter-output>
          </reporter-output>
        </test-method> <!-- verify_Login -->
        <test-method is-config="true" signature="tearDown()[pri:0, instance:testCases.TC002_LoginTest@183e8023]" started-at="2024-12-26T13:26:57 PST" name="tearDown" finished-at="2024-12-26T13:26:58 PST" duration-ms="556" status="PASS">
          <reporter-output>
          </reporter-output>
        </test-method> <!-- tearDown -->
      </class> <!-- testCases.TC002_LoginTest -->
      <class name="testCases.TC001_AccountRegistrationTest">
        <test-method is-config="true" signature="setup(java.lang.String,java.lang.String)[pri:0, instance:testCases.TC001_AccountRegistrationTest@25e2a451]" started-at="2024-12-26T13:26:40 PST" name="setup" finished-at="2024-12-26T13:26:47 PST" duration-ms="6523" status="PASS">
          <params>
            <param index="0">
              <value>
                <![CDATA[Windows]]>
              </value>
            </param>
            <param index="1">
              <value>
                <![CDATA[chrome]]>
              </value>
            </param>
          </params>
          <reporter-output>
          </reporter-output>
        </test-method> <!-- setup -->
        <test-method signature="verify_account_registration()[pri:0, instance:testCases.TC001_AccountRegistrationTest@25e2a451]" started-at="2024-12-26T13:26:47 PST" name="verify_account_registration" finished-at="2024-12-26T13:26:50 PST" duration-ms="3285" status="PASS">
          <reporter-output>
          </reporter-output>
        </test-method> <!-- verify_account_registration -->
        <test-method is-config="true" signature="tearDown()[pri:0, instance:testCases.TC001_AccountRegistrationTest@25e2a451]" started-at="2024-12-26T13:26:50 PST" name="tearDown" finished-at="2024-12-26T13:26:50 PST" duration-ms="561" status="PASS">
          <reporter-output>
          </reporter-output>
        </test-method> <!-- tearDown -->
      </class> <!-- testCases.TC001_AccountRegistrationTest -->
    </test> <!-- Test -->
  </suite> <!-- MasterSuite -->
</testng-results>
