<?xml version="1.0" encoding="UTF-8"?>
<!-- Generated by org.testng.reporters.JUnitXMLReporter -->
<testsuite ignored="1" hostname="SudhagarR" failures="0" tests="2" name="Test" time="21.47" errors="0" timestamp="2024-12-28T19:57:08 PST">
  <testcase classname="testCases.TC002_LoginTest" name="verify_Login" time="2.168"/>
  <testcase classname="testCases.TC004_SearchTest" name="test" time="0.006"/>
  <testcase classname="testCases.TC001_AccountRegistrationTest" name="verify_account_registration" time="0.0">
    <ignored/>
  </testcase> <!-- verify_account_registration -->
</testsuite> <!-- Test -->
